<html>
<body>
<pre>
<h1>µVision Build Log</h1>
<h2>Project:</h2>
C:\Users\Sabrina\ECE_Folders\404_GitHub\Bullseye\Bullseye_STM32\STM32\STM32F4xx_DSP_StdPeriph_Lib_V1.3.0\Project\STM32F4xx_StdPeriph_Templates\MDK-ARM\Project.uvproj
Project File Date:  01/26/2015

<h2>Output:</h2>
Build target 'STM32F40_41xxx'
compiling main.c...
..\main.c(232): warning:  #177-D: variable "freq1" was declared but never referenced
  uint32_t freq1, freq2;
..\main.c(232): warning:  #177-D: variable "freq2" was declared but never referenced
  uint32_t freq1, freq2;
..\main.c(233): warning:  #177-D: variable "pwm1" was declared but never referenced
        int pwm1 = 0;
..\main.c(234): warning:  #177-D: variable "pwm2" was declared but never referenced
  int   pwm2 = 1;
..\main.c(235): warning:  #177-D: variable "error" was declared but never referenced
        uint32_t error;
..\main.c(236): warning:  #177-D: variable "integral" was declared but never referenced
  uint32_t integral;
..\main.c(237): warning:  #177-D: variable "diff" was declared but never referenced
  uint32_t diff;
..\main.c(238): warning:  #177-D: variable "old_error" was declared but never referenced
  uint32_t old_error;
..\main.c(239): warning:  #177-D: variable "kp" was declared but never referenced
  uint32_t kp;
..\main.c(240): warning:  #177-D: variable "ki" was declared but never referenced
  uint32_t ki;
..\main.c(241): warning:  #177-D: variable "kd" was declared but never referenced
  uint32_t kd;
..\main.c(242): warning:  #177-D: variable "pwmout" was declared but never referenced
  unsigned char pwmout;
..\main.c(5): warning:  #177-D: variable "duty" was declared but never referenced
  static unsigned char duty = 0;
..\main.c(6): warning:  #177-D: variable "currDuty" was declared but never referenced
  static unsigned char currDuty = 0;
..\main.c(419): warning:  #177-D: function "Delay" was declared but never referenced
  void Delay(__IO uint32_t nTime){ 
..\main.c: 15 warnings, 0 errors
linking...
Program Size: Code=5868 RO-data=424 RW-data=172 ZI-data=1068  
".\STM32F40_41xxx\STM32F40_41xxx.axf" - 0 Error(s), 15 Warning(s).
1xxx.axf" - 1 Error(s), 15 Warning(s).
Target not created
referenced
  static unsigned char leftBackDuty = 0;
..\main.c(10): warning:  #177-D: variable "currDuty" was declared but never referenced
  static unsigned char currDuty = 0;
..\main.c(426): warning:  #177-D: function "Delay" was declared but never referenced
  void Delay(__IO uint32_t nTime){ 
..\main.c: 19 warnings, 0 errors
linking...
Program Size: Code=5772 RO-data=424 RW-data=172 ZI-data=1068  
".\STM32F40_41xxx\STM32F40_41xxx.axf" - 0 Error(s), 19 Warning(s).
er referenced
  uint32_t ki;
..\main.c(313): warning:  #177-D: variable "kd" was declared but never referenced
  uint32_t kd;
..\main.c(314): warning:  #177-D: variable "pwmout" was declared but never referenced
  unsigned char pwmout;
..\main.c(5): warning:  #177-D: variable "duty" was declared but never referenced
  static unsigned char duty = 0;
..\main.c(6): warning:  #550-D: variable "rightFrontDuty" was set but never used
  static unsigned char rightFrontDuty = 0;
..\main.c(7): warning:  #550-D: variable "rightBackDuty" was set but never used
  static unsigned char rightBackDuty = 0;
..\main.c(9): warning:  #550-D: variable "leftBackDuty" was set but never used
  static unsigned char leftBackDuty = 0;
..\main.c(10): warning:  #177-D: variable "currDuty" was declared but never referenced
  static unsigned char currDuty = 0;
..\main.c(515): warning:  #177-D: function "Delay" was declared but never referenced
  void Delay(__IO uint32_t nTime){ 
..\main.c: 30 warnings, 0 errors
linking...
Program Size: Code=5780 RO-data=424 RW-data=176 ZI-data=1072  
".\STM32F40_41xxx\STM32F40_41xxx.axf" - 0 Error(s), 30 Warning(s).
e.TIM_ICFilter = 0x0;
..\main.c(347): error:  #79: expected a type specifier
    TIM_ICInit(TIM1, &TIM_ICInitStructure);
..\main.c(347): error:  #79: expected a type specifier
    TIM_ICInit(TIM1, &TIM_ICInitStructure);
..\main.c(347): error:  #260-D: explicit type is missing ("int" assumed)
    TIM_ICInit(TIM1, &TIM_ICInitStructure);
..\main.c(347): error:  #147: declaration is incompatible with "void TIM_ICInit(TIM_TypeDef *, TIM_ICInitTypeDef *)" (declared at line 1080 of "..\..\..\Libraries\STM32F4xx_StdPeriph_Driver\inc\stm32f4xx_tim.h")
    TIM_ICInit(TIM1, &TIM_ICInitStructure);
..\main.c: 1 warning, 30 errors
".\STM32F40_41xxx\STM32F40_41xxx.axf" - 30 Error(s), 1 Warning(s).
Target not created
son of unsigned integer with zero
        if (PWM_Out5<0)
..\stm32f4xx_it.c(324): warning:  #186-D: pointless comparison of unsigned integer with zero
        if (PWM_Out1<0)
..\stm32f4xx_it.c(344): warning:  #186-D: pointless comparison of unsigned integer with zero
        if (PWM_Out4<0)
..\stm32f4xx_it.c(364): warning:  #186-D: pointless comparison of unsigned integer with zero
        if (PWM_Out2<0)
..\stm32f4xx_it.c: 4 warnings, 0 errors
".\STM32F40_41xxx\STM32F40_41xxx.axf" - 30 Error(s), 5 Warning(s).
Target not created
nt last_error5 = 0;
..\Common.h(8): error:  #65: expected a ";"
  double Kp = 0.01;
..\Common.h(9): error:  #65: expected a ";"
  double Ki = 0.05;
..\Common.h(10): error:  #65: expected a ";"
  double Kd = 0.1;
..\Common.h(12): error:  #65: expected a ";"
  int feedback = 0;
..\Common.h(14): warning:  #1-D: last line of file ends without a newline
  };
..\Common.h(3): warning:  #64-D: declaration does not declare anything
  struct{
..\stm32f4xx_it.c(308): error:  #70: incomplete type is not allowed
        {errorcontrol5.freq5 = 3300;}
..\stm32f4xx_it.c(309): error:  #70: incomplete type is not allowed
        else {errorcontrol5.freq5 = Frequency5;}
..\stm32f4xx_it.c(311): error:  #70: incomplete type is not allowed
        errorcontrol5.error5 = CMD - errorcontrol5.freq5; //-1050
..\stm32f4xx_it.c(311): error:  #70: incomplete type is not allowed
        errorcontrol5.error5 = CMD - errorcontrol5.freq5; //-1050
..\stm32f4xx_it.c(312): error:  #70: incomplete type is not allowed
        errorcontrol5.integral5 = errorcontrol5.integral5 + errorcontrol5.error5;//-1050
..\stm32f4xx_it.c(312): error:  #70: incomplete type is not allowed
        errorcontrol5.integral5 = errorcontrol5.integral5 + errorcontrol5.error5;//-1050
..\stm32f4xx_it.c(312): error:  #70: incomplete type is not allowed
        errorcontrol5.integral5 = errorcontrol5.integral5 + errorcontrol5.error5;//-1050
..\stm32f4xx_it.c(313): error:  #70: incomplete type is not allowed
        if (errorcontrol5.integral5> 3300)
..\stm32f4xx_it.c(314): error:  #70: incomplete type is not allowed
        {errorcontrol5.integral5 = 3300;}
..\stm32f4xx_it.c(315): error:  #70: incomplete type is not allowed
                if (errorcontrol5.integral5<0)
..\stm32f4xx_it.c(316): error:  #70: incomplete type is not allowed
        {errorcontrol5.integral5 = 0;}
..\stm32f4xx_it.c(317): error:  #70: incomplete type is not allowed
        errorcontrol5.diff5 = (errorcontrol5.error5 - errorcontrol5.last_error5);//-1050
..\stm32f4xx_it.c(317): error:  #70: incomplete type is not allowed
        errorcontrol5.diff5 = (errorcontrol5.error5 - errorcontrol5.last_error5);//-1050
..\stm32f4xx_it.c(317): error:  #70: incomplete type is not allowed
        errorcontrol5.diff5 = (errorcontrol5.error5 - errorcontrol5.last_error5);//-1050
..\stm32f4xx_it.c(318): error:  #70: incomplete type is not allowed
        errorcontrol5.PWM_Out5 = (((0.05)*errorcontrol5.error5)+((0.01)*errorcontrol5.integral5) + ((0)*errorcontrol5.diff5));
..\stm32f4xx_it.c(318): error:  #70: incomplete type is not allowed
        errorcontrol5.PWM_Out5 = (((0.05)*errorcontrol5.error5)+((0.01)*errorcontrol5.integral5) + ((0)*errorcontrol5.diff5));
..\stm32f4xx_it.c(318): error:  #70: incomplete type is not allowed
        errorcontrol5.PWM_Out5 = (((0.05)*errorcontrol5.error5)+((0.01)*errorcontrol5.integral5) + ((0)*errorcontrol5.diff5));
..\stm32f4xx_it.c(318): error:  #70: incomplete type is not allowed
        errorcontrol5.PWM_Out5 = (((0.05)*errorcontrol5.error5)+((0.01)*errorcontrol5.integral5) + ((0)*errorcontrol5.diff5));
..\stm32f4xx_it.c(319): error:  #70: incomplete type is not allowed
        if (errorcontrol5.PWM_Out5>100)
..\stm32f4xx_it.c(320): error:  #70: incomplete type is not allowed
                {errorcontrol5.PWM_Out5=100;}
..\stm32f4xx_it.c(321): error:  #70: incomplete type is not allowed
        if (errorcontrol5.PWM_Out5<0)
..\stm32f4xx_it.c(322): error:  #70: incomplete type is not allowed
                {errorcontrol5.PWM_Out5=0;}
..\stm32f4xx_it.c: 2 warnings, 30 errors
".\STM32F40_41xxx\STM32F40_41xxx.axf" - 30 Error(s), 32 Warning(s).
Target not created
